<?xml version="1.0" encoding="UTF-8"?>
<testng-results ignored="0" total="1" passed="1" failed="0" skipped="0">
  <reporter-output>
  </reporter-output>
  <suite started-at="2021-10-26T11:23:23Z" name="Default suite" finished-at="2021-10-26T11:23:34Z" duration-ms="10983">
    <groups>
    </groups>
    <test started-at="2021-10-26T11:23:23Z" name="Default test" finished-at="2021-10-26T11:23:34Z" duration-ms="10983">
      <class name="com.qa.addressbook.Tests.ContactpageTest">
        <test-method is-config="true" signature="OpenBrowser()[pri:0, instance:com.qa.addressbook.Tests.ContactpageTest@13b3d178]" started-at="2021-10-26T11:23:23Z" name="OpenBrowser" finished-at="2021-10-26T11:23:34Z" duration-ms="10721" status="PASS">
          <reporter-output>
          </reporter-output>
        </test-method> <!-- OpenBrowser -->
        <test-method signature="clickContactTest()[pri:0, instance:com.qa.addressbook.Tests.ContactpageTest@13b3d178]" started-at="2021-10-26T11:23:34Z" name="clickContactTest" finished-at="2021-10-26T11:23:34Z" duration-ms="81" status="PASS">
          <reporter-output>
          </reporter-output>
        </test-method> <!-- clickContactTest -->
        <test-method is-config="true" signature="closeBrowser()[pri:0, instance:com.qa.addressbook.Tests.ContactpageTest@13b3d178]" started-at="2021-10-26T11:23:34Z" name="closeBrowser" finished-at="2021-10-26T11:23:34Z" duration-ms="160" status="PASS">
          <reporter-output>
          </reporter-output>
        </test-method> <!-- closeBrowser -->
      </class> <!-- com.qa.addressbook.Tests.ContactpageTest -->
    </test> <!-- Default test -->
  </suite> <!-- Default suite -->
</testng-results>
